Arguments: 
  /home/ubuntu/.nvm/versions/node/v16.19.0/bin/node /usr/share/yarn/bin/yarn.js init

PATH: 
  /home/ubuntu/.rvm/gems/ruby-3.0.1/bin:/home/ubuntu/.rvm/gems/ruby-3.0.1@global/bin:/home/ubuntu/.rvm/rubies/ruby-3.0.1/bin:/home/ubuntu/.nvm/versions/node/v16.19.0/bin:/home/ubuntu/.rvm/gems/ruby-3.0.1/bin:/home/ubuntu/.rvm/gems/ruby-3.0.1@global/bin:/home/ubuntu/.rvm/rubies/ruby-3.0.1/bin:/home/ubuntu/.rvm/gems/ruby-3.0.1/bin:/home/ubuntu/.rvm/gems/ruby-3.0.1@global/bin:/home/ubuntu/.rvm/rubies/ruby-3.0.1/bin:/usr/local/sbin:/usr/local/bin:/usr/sbin:/usr/bin:/sbin:/bin:/usr/games:/usr/local/games:/snap/bin:/home/ubuntu/.local/bin:/home/ubuntu/bin:/usr/local/bin:/home/ubuntu/.rvm/bin:/home/ubuntu/.local/bin:/home/ubuntu/bin:/usr/local/bin:/home/ubuntu/.rvm/bin:/home/ubuntu/.rvm/bin:/home/ubuntu/.local/bin:/home/ubuntu/bin:/usr/local/bin:/home/ubuntu/.rvm/bin:/home/ubuntu/.rvm/bin

Yarn version: 
  1.22.19

Node version: 
  16.19.0

Platform: 
  linux x64

Trace: 
  Error: canceled
      at Interface.<anonymous> (/usr/share/yarn/lib/cli.js:137150:13)
      at Interface.emit (node:events:513:28)
      at Interface._ttyWrite (node:readline:1085:16)
      at ReadStream.onkeypress (node:readline:291:10)
      at ReadStream.emit (node:events:513:28)
      at emitKeys (node:internal/readline/utils:357:14)
      at emitKeys.next (<anonymous>)
      at ReadStream.onData (node:internal/readline/emitKeypressEvents:61:36)
      at ReadStream.emit (node:events:513:28)
      at addChunk (node:internal/streams/readable:315:12)

npm manifest: 
  No manifest

yarn manifest: 
  No manifest

Lockfile: 
  No lockfile
